(null),admin,Authentication successful(null),admin,Entered admin menu(null),admin,Authentication successful
(null),admin,Entered admin menu
(null),admin,Authentication successful
(null),admin,Entered admin menu
(null),admin,Entered admin menu
(null),admin,Authentication successful
(null),admin,Entered admin menu
(null),admin,Entered books menu
(null),admin,Authentication successful
(null),admin,Entered admin menu
(null),admin,Entered books menu
(null),admin,Authentication successful
(null),admin,Entered admin menu
(null),admin,Entered books menu
(null),admin,Add a book
(null),admin,Entered books menu
(null),admin,All book info
(null),admin,Entered books menu
(null),admin,Authentication successful
(null),admin,Entered admin menu
(null),admin,Entered books menu
(null),admin,All book info
(null),admin,Entered books menu
(null),admin,Authentication successful
(null),admin,Entered admin menu
(null),admin,Entered books menu
(null),admin,All book info
(null),admin,Entered books menu
(null),admin,Authentication successful
(null),admin,Entered admin menu
(null),admin,Entered books menu
(null),admin,All book info
(null),admin,Entered books menu
(null),admin,Add a book
(null),admin,Entered books menu
(null),admin,Exited books menu
(null),admin,Entered admin menu
(null),admin,Authentication successful
(null),admin,Entered admin menu
(null),admin,Entered books menu
(null),admin,Add a book
(null),admin,Entered books menu
(null),admin,Exited books menu
(null),admin,Entered admin menu
(null),admin,Exited admin menu
(null),admin,Save and free db successfully
(null),admin,Authentication successful
(null),admin,Entered admin menu
(null),admin,Entered books menu
(null),admin,Delete a book
(null),admin,Entered books menu
(null),admin,All book info
(null),admin,Entered books menu
(null),admin,Exited books menu
(null),admin,Entered admin menu
(null),admin,Exited admin menu
(null),Ð(°ö,Save and free db successfully
(null),admin,Authentication successful
(null),admin,Entered admin menu
(null),admin,Exited admin menu
(null),admin,Save and free db successfully
,admin,Authentication successful
,admin,Entered admin menu
,admin,Exited admin menu
,admin,Save and free db successfully
,admin,Authentication successful
,admin,Entered admin menu
,admin,Exited admin menu
,admin,Save and free db successfully
29.06.2023 22:01:09,admin,Authentication successful
29.06.2023 22:01:09,admin,Entered admin menu
29.06.2023 22:02:11,admin,Authentication successful
29.06.2023 22:02:11,admin,Entered admin menu
29.06.2023 22:02:13,admin,Exited admin menu
29.06.2023 22:02:13,admin,Save and free db successfully
29.06.2023 22:03:28,admin,Authentication successful
29.06.2023 22:03:28,admin,Entered admin menu
29.06.2023 22:03:29,admin,Exited admin menu
29.06.2023 22:03:29,admin,Save and free db successfully
